2023-09-08 15:55:19,356 =============================================================
2023-09-08 15:55:19,356 =============================================================
2023-09-08 15:55:19,357 Today is 2023-09-08 at 03:55 PM
2023-09-08 15:55:19,357 This file is running on: posix Darwin 22.6.0
2023-09-08 15:55:19,357 The Python version is: 3.11.4
2023-09-08 15:55:19,357 The active conda environment is:  None
2023-09-08 15:55:19,357 The active pip environment is:    None
2023-09-08 15:55:19,357 The active environment path is:   /Library/Frameworks/Python.framework/Versions/3.11
2023-09-08 15:55:19,357 The current working directory is: /Users/joseguzman/Library/CloudStorage/OneDrive-nwmissouri.edu/Fall1/CSIS_44608/Mod 3/Assignments/datafun-03-datatypes
2023-09-08 15:55:19,357 This source file is in:           /Users/joseguzman/Library/CloudStorage/OneDrive-nwmissouri.edu/Fall1/CSIS_44608/Mod 3/Assignments/datafun-03-datatypes
2023-09-08 15:55:19,357 =============================================================
2023-09-08 15:55:19,357 =============================================================
2023-09-08 15:55:19,357 Calling functions from main block
2023-09-08 15:55:19,357 tupleA = (1, 2, 3, 4, 5)
2023-09-08 15:55:19,357 tupleB = (4, 5, 6, 7, 8)
2023-09-08 15:55:19,357 setA = {1, 2, 3, 4, 5}
2023-09-08 15:55:19,357 setB = {4, 5, 6, 7, 8}
2023-09-08 15:55:19,357 Union: {1, 2, 3, 4, 5, 6, 7, 8}
2023-09-08 15:55:19,357 Intersection: {4, 5}
2023-09-08 15:55:19,357 recrodA_dict = {'name': 'The Good Life', 'Artist': 'The Good Life'}
2023-09-08 15:55:19,357 recrodB_dict = {'name': 'YHLQMDLG', 'Artist': 'Bad Bunny'}
2023-09-08 15:55:19,357 Given text_simple.txt and comprehensions,
2023-09-08 15:55:19,357 the the word_counts_dict2 = {'One': 1, 'fish': 3, 'two': 1, 'red': 1, 'blue': 1, 'fish.': 1}
