2023-09-08 10:57:14,138 =============================================================
2023-09-08 10:57:14,138 =============================================================
2023-09-08 10:57:14,139 Today is 2023-09-08 at 10:57 AM
2023-09-08 10:57:14,139 This file is running on: posix Darwin 22.6.0
2023-09-08 10:57:14,139 The Python version is: 3.11.4
2023-09-08 10:57:14,139 The active conda environment is:  None
2023-09-08 10:57:14,139 The active pip environment is:    None
2023-09-08 10:57:14,139 The active environment path is:   /Library/Frameworks/Python.framework/Versions/3.11
2023-09-08 10:57:14,139 The current working directory is: /Users/joseguzman/Library/CloudStorage/OneDrive-nwmissouri.edu/Fall1/CSIS_44608/Mod 3/Assignments/datafun-03-datatypes
2023-09-08 10:57:14,139 This source file is in:           /Users/joseguzman/Library/CloudStorage/OneDrive-nwmissouri.edu/Fall1/CSIS_44608/Mod 3/Assignments/datafun-03-datatypes
2023-09-08 10:57:14,139 =============================================================
2023-09-08 10:57:14,139 =============================================================
2023-09-08 10:57:14,139 Calling quick stats 
2023-09-08 10:57:14,139 Songs played per hour: [11, 44, 37, 50, 5, 29, 55, 55, 0, 56, 94, 64, 34, 95, 62, 8, 11, 80, 39, 44]
2023-09-08 10:57:14,139 Range to 10: [0, 1, 2, 3, 4, 5, 6, 7, 8, 9]
2023-09-08 10:57:14,139 Song played mean:43.65
2023-09-08 10:57:14,140 Songs played median:44.0
2023-09-08 10:57:14,140 Songs played mode: 11
2023-09-08 10:57:14,140 
2023-09-08 10:57:14,140 Songs played standard deviatoin: 27.976070601780183
2023-09-08 10:57:14,140 Songs played variance: 782.6605263157895
2023-09-08 10:57:14,140 Calling correlation
2023-09-08 10:57:14,140 listx: [0, 1, 2, 3, 4, 5, 6, 7, 8, 9]
2023-09-08 10:57:14,140 listy: [-0.3632406427055046, 2.4382478323093704, 3.5701216180855173, 6.2668925080160065, 8.429605556303729, 9.38704224618367, 11.267129585485604, 14.957916711126837, 15.859982040850115, 17.630123971697202]
2023-09-08 10:57:14,140 correlation between x and y: 0.9958800129365433
2023-09-08 10:57:14,140 The equation of the best fit line is: y = 1.992663905314575x + -0.022605431180332758
2023-09-08 10:57:14,140 We predict that when x = 15, y will be about 29.867353148538292
2023-09-08 10:57:14,140 Calling list_stats
2023-09-08 10:57:14,140 The men of list1 is 0
2023-09-08 10:57:14,140 The max of list1 is 95
2023-09-08 10:57:14,140 The sum of List is: 20
2023-09-08 10:57:14,140 The average of list1 is 43.65
2023-09-08 10:57:14,140 The set of List1 is : {0, 64, 34, 5, 37, 39, 8, 11, 44, 80, 50, 55, 56, 62, 29, 94, 95}
2023-09-08 10:57:14,140 The sorted list of list1 : [0, 5, 8, 11, 11, 29, 34, 37, 39, 44, 44, 50, 55, 55, 56, 62, 64, 80, 94, 95]
2023-09-08 10:57:14,140 The reversed sorted list of list1: [95, 94, 80, 64, 62, 56, 55, 55, 50, 44, 44, 39, 37, 34, 29, 11, 11, 8, 5, 0]
2023-09-08 10:57:14,140 Calling list_types
2023-09-08 10:57:14,140 After append: [1, 2, 3, 4, 5]
2023-09-08 10:57:14,140 After extend: [1, 2, 3, 4, 5, 6, 7]
2023-09-08 10:57:14,140 After insert: [1, 2, 3, 8, 4, 5, 6, 7]
2023-09-08 10:57:14,140 After remove: [1, 2, 3, 8, 4, 6, 7]
2023-09-08 10:57:14,140 Number of times 2 appears: 1
2023-09-08 10:57:14,140 After sort: [1, 2, 3, 4, 6, 7, 8]
2023-09-08 10:57:14,140 After sort with reverse: [8, 7, 6, 4, 3, 2, 1]
2023-09-08 10:57:14,140 Copy of lst: [8, 7, 6, 4, 3, 2, 1]
2023-09-08 10:57:14,140 First item popped: 8
2023-09-08 10:57:14,140 After first pop: [7, 6, 4, 3, 2, 1]
2023-09-08 10:57:14,140 Last item popped: 1
2023-09-08 10:57:14,140 After second pop: [7, 6, 4, 3, 2]
2023-09-08 10:57:14,140 Calling transformatoin
2023-09-08 10:57:14,140 Filtered numbers: [1, 2, 3]
2023-09-08 10:57:14,140 Cube roots: [1.0, 1.2599210498948732, 1.4422495703074083, 1.5874010519681994, 1.7099759466766968, 1.8171205928321397]
2023-09-08 10:57:14,140 Volumes: [1, 8, 27, 64, 125, 216]
2023-09-08 10:57:14,140 Filtered numbers: [0]
2023-09-08 10:57:14,140 Tripled numbers: [33, 132, 111, 150, 15, 87, 165, 165, 0, 168, 282, 192, 102, 285, 186, 24, 33, 240, 117, 132]
2023-09-08 10:57:14,140 Squared numbers: [121, 1936, 1369, 2500, 25, 841, 3025, 3025, 0, 3136, 8836, 4096, 1156, 9025, 3844, 64, 121, 6400, 1521, 1936]
